<?xml version="1.0" encoding="UTF-8"?>
<!-- Generated by org.testng.reporters.JUnitXMLReporter -->
<testsuite ignored="0" hostname="DADA-PC" failures="0" tests="4" name="Test" time="0.093" errors="0" timestamp="2023-03-10T14:30:43 IST">
  <testcase classname="practice.GitbashPractice2" name="main" time="0.012"/>
  <testcase classname="practice.GitbashPractice2" name="main2" time="0.003"/>
  <testcase classname="practice.GitbashPratice" name="main" time="0.002"/>
  <testcase classname="practice.GitbashPratice" name="main2" time="0.002"/>
</testsuite> <!-- Test -->
