<?xml version="1.0" encoding="UTF-8"?>
<testng-results ignored="0" total="4" passed="4" failed="0" skipped="0">
  <reporter-output>
  </reporter-output>
  <suite started-at="2023-03-10T14:30:43 IST" name="Suite" finished-at="2023-03-10T14:30:43 IST" duration-ms="93">
    <groups>
    </groups>
    <test started-at="2023-03-10T14:30:43 IST" name="Test" finished-at="2023-03-10T14:30:43 IST" duration-ms="93">
      <class name="practice.GitbashPractice2">
        <test-method signature="main()[pri:0, instance:practice.GitbashPractice2@759d26fb]" started-at="2023-03-10T14:30:43 IST" name="main" finished-at="2023-03-10T14:30:43 IST" duration-ms="12" status="PASS">
          <reporter-output>
          </reporter-output>
        </test-method> <!-- main -->
        <test-method signature="main2()[pri:0, instance:practice.GitbashPractice2@759d26fb]" started-at="2023-03-10T14:30:43 IST" name="main2" finished-at="2023-03-10T14:30:43 IST" duration-ms="3" status="PASS">
          <reporter-output>
          </reporter-output>
        </test-method> <!-- main2 -->
      </class> <!-- practice.GitbashPractice2 -->
      <class name="practice.GitbashPratice">
        <test-method signature="main()[pri:0, instance:practice.GitbashPratice@bd4dc25]" started-at="2023-03-10T14:30:43 IST" name="main" finished-at="2023-03-10T14:30:43 IST" duration-ms="2" status="PASS">
          <reporter-output>
          </reporter-output>
        </test-method> <!-- main -->
        <test-method signature="main2()[pri:0, instance:practice.GitbashPratice@bd4dc25]" started-at="2023-03-10T14:30:43 IST" name="main2" finished-at="2023-03-10T14:30:43 IST" duration-ms="2" status="PASS">
          <reporter-output>
          </reporter-output>
        </test-method> <!-- main2 -->
      </class> <!-- practice.GitbashPratice -->
    </test> <!-- Test -->
  </suite> <!-- Suite -->
</testng-results>
